ARM GAS  /var/folders/q7/ltqlzqjj1rsdxtfpcv6hcz_80000gn/T//ccEuGLLo.s 			page 1


   1              		.cpu cortex-m4
   2              		.arch armv7e-m
   3              		.fpu fpv4-sp-d16
   4              		.eabi_attribute 27, 1
   5              		.eabi_attribute 28, 1
   6              		.eabi_attribute 20, 1
   7              		.eabi_attribute 21, 1
   8              		.eabi_attribute 23, 3
   9              		.eabi_attribute 24, 1
  10              		.eabi_attribute 25, 1
  11              		.eabi_attribute 26, 1
  12              		.eabi_attribute 30, 2
  13              		.eabi_attribute 34, 1
  14              		.eabi_attribute 18, 4
  15              		.file	"uart.c"
  16              		.text
  17              		.section	.text.uart_init,"ax",%progbits
  18              		.align	1
  19              		.p2align 2,,3
  20              		.global	uart_init
  21              		.syntax unified
  22              		.thumb
  23              		.thumb_func
  25              	uart_init:
  26              		@ args = 0, pretend = 0, frame = 0
  27              		@ frame_needed = 0, uses_anonymous_args = 0
  28              		@ link register save eliminated.
  29 0000 1B49     		ldr	r1, .L4
  30 0002 1C4B     		ldr	r3, .L4+4
  31 0004 D1F83008 		ldr	r0, [r1, #2096]
  32 0008 40F00100 		orr	r0, r0, #1
  33 000c 10B4     		push	{r4}
  34 000e C1F83008 		str	r0, [r1, #2096]
  35 0012 D1F84048 		ldr	r4, [r1, #2112]
  36 0016 44F40034 		orr	r4, r4, #131072
  37 001a C1F84048 		str	r4, [r1, #2112]
  38 001e 1968     		ldr	r1, [r3]
  39 0020 5DF8044B 		ldr	r4, [sp], #4
  40 0024 21F03001 		bic	r1, r1, #48
  41 0028 1960     		str	r1, [r3]
  42 002a 1968     		ldr	r1, [r3]
  43 002c 41F02001 		orr	r1, r1, #32
  44 0030 1960     		str	r1, [r3]
  45 0032 9968     		ldr	r1, [r3, #8]
  46 0034 41F03001 		orr	r1, r1, #48
  47 0038 9960     		str	r1, [r3, #8]
  48 003a 196A     		ldr	r1, [r3, #32]
  49 003c 21F47061 		bic	r1, r1, #3840
  50 0040 1962     		str	r1, [r3, #32]
  51 0042 196A     		ldr	r1, [r3, #32]
  52 0044 4FF04022 		mov	r2, #1073758208
  53 0048 8B20     		movs	r0, #139
  54 004a 41F4E061 		orr	r1, r1, #1792
  55 004e 1962     		str	r1, [r3, #32]
  56 0050 C2F80804 		str	r0, [r2, #1032]
  57 0054 D2F80C34 		ldr	r3, [r2, #1036]
  58 0058 43F00803 		orr	r3, r3, #8
ARM GAS  /var/folders/q7/ltqlzqjj1rsdxtfpcv6hcz_80000gn/T//ccEuGLLo.s 			page 2


  59 005c C2F80C34 		str	r3, [r2, #1036]
  60 0060 D2F80C34 		ldr	r3, [r2, #1036]
  61 0064 43F40053 		orr	r3, r3, #8192
  62 0068 C2F80C34 		str	r3, [r2, #1036]
  63 006c 7047     		bx	lr
  64              	.L5:
  65 006e 00BF     		.align	2
  66              	.L4:
  67 0070 00300240 		.word	1073885184
  68 0074 00000240 		.word	1073872896
  70              		.section	.text.uart_putc,"ax",%progbits
  71              		.align	1
  72              		.p2align 2,,3
  73              		.global	uart_putc
  74              		.syntax unified
  75              		.thumb
  76              		.thumb_func
  78              	uart_putc:
  79              		@ args = 0, pretend = 0, frame = 0
  80              		@ frame_needed = 0, uses_anonymous_args = 0
  81              		@ link register save eliminated.
  82 0000 4FF04022 		mov	r2, #1073758208
  83              	.L7:
  84 0004 D2F80034 		ldr	r3, [r2, #1024]
  85 0008 1B06     		lsls	r3, r3, #24
  86 000a FBD5     		bpl	.L7
  87 000c C2F80404 		str	r0, [r2, #1028]
  88 0010 7047     		bx	lr
  90 0012 00BF     		.section	.text.uart_puts,"ax",%progbits
  91              		.align	1
  92              		.p2align 2,,3
  93              		.global	uart_puts
  94              		.syntax unified
  95              		.thumb
  96              		.thumb_func
  98              	uart_puts:
  99              		@ args = 0, pretend = 0, frame = 0
 100              		@ frame_needed = 0, uses_anonymous_args = 0
 101              		@ link register save eliminated.
 102 0000 0178     		ldrb	r1, [r0]	@ zero_extendqisi2
 103 0002 59B1     		cbz	r1, .L10
 104 0004 4FF04022 		mov	r2, #1073758208
 105              	.L12:
 106 0008 D2F80034 		ldr	r3, [r2, #1024]
 107 000c 1B06     		lsls	r3, r3, #24
 108 000e FBD5     		bpl	.L12
 109 0010 C2F80414 		str	r1, [r2, #1028]
 110 0014 10F8011F 		ldrb	r1, [r0, #1]!	@ zero_extendqisi2
 111 0018 0029     		cmp	r1, #0
 112 001a F5D1     		bne	.L12
 113              	.L10:
 114 001c 7047     		bx	lr
 116              		.section	.text.uart_putint,"ax",%progbits
 117              		.align	1
 118              		.p2align 2,,3
 119              		.global	uart_putint
 120              		.syntax unified
ARM GAS  /var/folders/q7/ltqlzqjj1rsdxtfpcv6hcz_80000gn/T//ccEuGLLo.s 			page 3


 121              		.thumb
 122              		.thumb_func
 124              	uart_putint:
 125              		@ args = 0, pretend = 0, frame = 16
 126              		@ frame_needed = 0, uses_anonymous_args = 0
 127 0000 0028     		cmp	r0, #0
 128 0002 0ADB     		blt	.L40
 129 0004 13D1     		bne	.L24
 130 0006 4FF04022 		mov	r2, #1073758208
 131              	.L25:
 132 000a D2F80034 		ldr	r3, [r2, #1024]
 133 000e 1906     		lsls	r1, r3, #24
 134 0010 FBD5     		bpl	.L25
 135 0012 3023     		movs	r3, #48
 136 0014 C2F80434 		str	r3, [r2, #1028]
 137 0018 7047     		bx	lr
 138              	.L40:
 139 001a 4FF04022 		mov	r2, #1073758208
 140              	.L22:
 141 001e D2F80034 		ldr	r3, [r2, #1024]
 142 0022 1B06     		lsls	r3, r3, #24
 143 0024 FBD5     		bpl	.L22
 144 0026 2D23     		movs	r3, #45
 145 0028 C2F80434 		str	r3, [r2, #1028]
 146 002c 4042     		rsbs	r0, r0, #0
 147              	.L24:
 148 002e 10B5     		push	{r4, lr}
 149 0030 84B0     		sub	sp, sp, #16
 150 0032 0DF1040E 		add	lr, sp, #4
 151 0036 104C     		ldr	r4, .L41
 152 0038 7246     		mov	r2, lr
 153 003a 0021     		movs	r1, #0
 154              	.L23:
 155 003c A4FB00C3 		umull	ip, r3, r4, r0
 156 0040 DB08     		lsrs	r3, r3, #3
 157 0042 03EB830C 		add	ip, r3, r3, lsl #2
 158 0046 A0EB4C00 		sub	r0, r0, ip, lsl #1
 159 004a 3030     		adds	r0, r0, #48
 160 004c 02F8010B 		strb	r0, [r2], #1
 161 0050 0131     		adds	r1, r1, #1
 162 0052 1846     		mov	r0, r3
 163 0054 002B     		cmp	r3, #0
 164 0056 F1D1     		bne	.L23
 165 0058 7144     		add	r1, r1, lr
 166 005a 4FF04022 		mov	r2, #1073758208
 167              	.L28:
 168 005e 11F8010D 		ldrb	r0, [r1, #-1]!	@ zero_extendqisi2
 169              	.L27:
 170 0062 D2F80034 		ldr	r3, [r2, #1024]
 171 0066 1B06     		lsls	r3, r3, #24
 172 0068 FBD5     		bpl	.L27
 173 006a 8E45     		cmp	lr, r1
 174 006c C2F80404 		str	r0, [r2, #1028]
 175 0070 F5D1     		bne	.L28
 176 0072 04B0     		add	sp, sp, #16
 177              		@ sp needed
 178 0074 10BD     		pop	{r4, pc}
ARM GAS  /var/folders/q7/ltqlzqjj1rsdxtfpcv6hcz_80000gn/T//ccEuGLLo.s 			page 4


 179              	.L42:
 180 0076 00BF     		.align	2
 181              	.L41:
 182 0078 CDCCCCCC 		.word	-858993459
 184              		.ident	"GCC: (Arm GNU Toolchain 14.3.Rel1 (Build arm-14.174)) 14.3.1 20250623"
ARM GAS  /var/folders/q7/ltqlzqjj1rsdxtfpcv6hcz_80000gn/T//ccEuGLLo.s 			page 5


DEFINED SYMBOLS
                            *ABS*:00000000 uart.c
/var/folders/q7/ltqlzqjj1rsdxtfpcv6hcz_80000gn/T//ccEuGLLo.s:18     .text.uart_init:00000000 $t
/var/folders/q7/ltqlzqjj1rsdxtfpcv6hcz_80000gn/T//ccEuGLLo.s:25     .text.uart_init:00000000 uart_init
/var/folders/q7/ltqlzqjj1rsdxtfpcv6hcz_80000gn/T//ccEuGLLo.s:67     .text.uart_init:00000070 $d
/var/folders/q7/ltqlzqjj1rsdxtfpcv6hcz_80000gn/T//ccEuGLLo.s:71     .text.uart_putc:00000000 $t
/var/folders/q7/ltqlzqjj1rsdxtfpcv6hcz_80000gn/T//ccEuGLLo.s:78     .text.uart_putc:00000000 uart_putc
/var/folders/q7/ltqlzqjj1rsdxtfpcv6hcz_80000gn/T//ccEuGLLo.s:91     .text.uart_puts:00000000 $t
/var/folders/q7/ltqlzqjj1rsdxtfpcv6hcz_80000gn/T//ccEuGLLo.s:98     .text.uart_puts:00000000 uart_puts
/var/folders/q7/ltqlzqjj1rsdxtfpcv6hcz_80000gn/T//ccEuGLLo.s:117    .text.uart_putint:00000000 $t
/var/folders/q7/ltqlzqjj1rsdxtfpcv6hcz_80000gn/T//ccEuGLLo.s:124    .text.uart_putint:00000000 uart_putint
/var/folders/q7/ltqlzqjj1rsdxtfpcv6hcz_80000gn/T//ccEuGLLo.s:182    .text.uart_putint:00000078 $d

NO UNDEFINED SYMBOLS
