ARM GAS  /var/folders/q7/ltqlzqjj1rsdxtfpcv6hcz_80000gn/T//cc9TnX4D.s 			page 1


   1              		.cpu cortex-m4
   2              		.arch armv7e-m
   3              		.fpu fpv4-sp-d16
   4              		.eabi_attribute 27, 1
   5              		.eabi_attribute 28, 1
   6              		.eabi_attribute 20, 1
   7              		.eabi_attribute 21, 1
   8              		.eabi_attribute 23, 3
   9              		.eabi_attribute 24, 1
  10              		.eabi_attribute 25, 1
  11              		.eabi_attribute 26, 1
  12              		.eabi_attribute 30, 2
  13              		.eabi_attribute 34, 1
  14              		.eabi_attribute 18, 4
  15              		.file	"utils.c"
  16              		.text
  17              		.section	.text.delay_ms,"ax",%progbits
  18              		.align	1
  19              		.p2align 2,,3
  20              		.global	delay_ms
  21              		.syntax unified
  22              		.thumb
  23              		.thumb_func
  25              	delay_ms:
  26              		@ args = 0, pretend = 0, frame = 0
  27              		@ frame_needed = 0, uses_anonymous_args = 0
  28              		@ link register save eliminated.
  29 0000 4FF47A63 		mov	r3, #4000
  30 0004 03FB00F0 		mul	r0, r3, r0
  31 0008 20B1     		cbz	r0, .L1
  32 000a 0023     		movs	r3, #0
  33              	.L3:
  34              		.syntax unified
  35              	@ 14 "src/utils.c" 1
  36 000c 00BF     		nop
  37              	@ 0 "" 2
  38              		.thumb
  39              		.syntax unified
  40 000e 0133     		adds	r3, r3, #1
  41 0010 8342     		cmp	r3, r0
  42 0012 FBD1     		bne	.L3
  43              	.L1:
  44 0014 7047     		bx	lr
  46 0016 00BF     		.ident	"GCC: (Arm GNU Toolchain 14.3.Rel1 (Build arm-14.174)) 14.3.1 20250623"
ARM GAS  /var/folders/q7/ltqlzqjj1rsdxtfpcv6hcz_80000gn/T//cc9TnX4D.s 			page 2


DEFINED SYMBOLS
                            *ABS*:00000000 utils.c
/var/folders/q7/ltqlzqjj1rsdxtfpcv6hcz_80000gn/T//cc9TnX4D.s:18     .text.delay_ms:00000000 $t
/var/folders/q7/ltqlzqjj1rsdxtfpcv6hcz_80000gn/T//cc9TnX4D.s:25     .text.delay_ms:00000000 delay_ms

NO UNDEFINED SYMBOLS
